2026-05-24 18:23:31 — INFO — Running with edr=0.23.1
2026-05-24 18:24:37 — INFO — Running with edr=0.23.1
2026-05-24 18:27:50 — INFO — Running with edr=0.23.1
2026-05-24 18:27:51 — DEBUG — Resolved adapter type 'duckdb' for target 'dev'
2026-05-24 18:27:51 — DEBUG — Profile 'elementary' not found in profiles.yml
2026-05-24 18:27:51 — INFO — Installing packages for edr internal dbt package...
2026-05-24 18:27:51 — INFO — Running dbt command --log-format json deps --project-dir /opt/dbt-venv/lib/python3.11/site-packages/elementary/monitor/dbt_project --profiles-dir /opt/airflow/dbt
2026-05-24 18:31:01 — INFO — Running with edr=0.23.1
2026-05-24 18:31:02 — DEBUG — Resolved adapter type 'duckdb' for target 'dev'
2026-05-24 18:31:02 — DEBUG — Profile 'elementary' not found in profiles.yml
2026-05-24 18:31:02 — INFO — Installing packages for edr internal dbt package...
2026-05-24 18:31:02 — INFO — Running dbt command --log-format json deps --project-dir /opt/dbt-venv/lib/python3.11/site-packages/elementary/monitor/dbt_project --profiles-dir /opt/airflow/dbt
2026-05-24 18:31:04 — DEBUG — Running dbt command --log-format json run-operation elementary.log_macro_results --args {"macro_name": "elementary_cli.get_latest_invocation", "macro_args": {}} --project-dir /opt/dbt-venv/lib/python3.11/site-packages/elementary/monitor/dbt_project --profiles-dir /opt/airflow/dbt
[31;20m2026-05-24 18:31:05 — ERROR — Unable to get the latest invocation: Failed to run dbt command.
Runtime Error
  Could not find profile named 'elementary'[0m
2026-05-24 18:31:05 — DEBUG — Running dbt command --log-format json run-operation elementary.log_macro_results --args {"macro_name": "elementary_cli.get_adapter_type_and_unique_id", "macro_args": {}} --project-dir /opt/dbt-venv/lib/python3.11/site-packages/elementary/monitor/dbt_project --profiles-dir /opt/airflow/dbt
2026-05-24 18:31:05 — DEBUG — Could not get warehouse info.
Traceback (most recent call last):
  File "/opt/dbt-venv/lib/python3.11/site-packages/elementary/monitor/data_monitoring/data_monitoring.py", line 142, in _get_warehouse_info
    self.internal_dbt_runner.run_operation(
  File "/opt/dbt-venv/lib/python3.11/site-packages/elementary/clients/dbt/command_line_dbt_runner.py", line 351, in run_operation
    result = self._run_command(
             ^^^^^^^^^^^^^^^^^^
  File "/opt/dbt-venv/lib/python3.11/site-packages/elementary/clients/dbt/command_line_dbt_runner.py", line 209, in _run_command
    return self._inner_run_command_with_retries(
           ^^^^^^^^^^^^^^^^^^^^^^^^^^^^^^^^^^^^^
  File "/opt/dbt-venv/lib/python3.11/site-packages/tenacity/__init__.py", line 331, in wrapped_f
    return copy(f, *args, **kw)
           ^^^^^^^^^^^^^^^^^^^^
  File "/opt/dbt-venv/lib/python3.11/site-packages/tenacity/__init__.py", line 470, in __call__
    do = self.iter(retry_state=retry_state)
         ^^^^^^^^^^^^^^^^^^^^^^^^^^^^^^^^^^
  File "/opt/dbt-venv/lib/python3.11/site-packages/tenacity/__init__.py", line 371, in iter
    result = action(retry_state)
             ^^^^^^^^^^^^^^^^^^^
  File "/opt/dbt-venv/lib/python3.11/site-packages/tenacity/__init__.py", line 393, in <lambda>
    self._add_action_func(lambda rs: rs.outcome.result())
                                     ^^^^^^^^^^^^^^^^^^^
  File "/usr/local/lib/python3.11/concurrent/futures/_base.py", line 449, in result
    return self.__get_result()
           ^^^^^^^^^^^^^^^^^^^
  File "/usr/local/lib/python3.11/concurrent/futures/_base.py", line 401, in __get_result
    raise self._exception
  File "/opt/dbt-venv/lib/python3.11/site-packages/tenacity/__init__.py", line 473, in __call__
    result = fn(*args, **kwargs)
             ^^^^^^^^^^^^^^^^^^^
  File "/opt/dbt-venv/lib/python3.11/site-packages/elementary/clients/dbt/command_line_dbt_runner.py", line 246, in _inner_run_command_with_retries
    result = self._inner_run_command(
             ^^^^^^^^^^^^^^^^^^^^^^^^
  File "/opt/dbt-venv/lib/python3.11/site-packages/elementary/clients/dbt/api_dbt_runner.py", line 59, in _inner_run_command
    raise DbtCommandError(
elementary.exceptions.exceptions.DbtCommandError: Failed to run dbt command.
Runtime Error
  Could not find profile named 'elementary'
2026-05-24 18:31:05 — DEBUG — Running dbt command --log-format json run-operation elementary.log_macro_results --args {"macro_name": "elementary_cli.get_elementary_database_and_schema", "macro_args": {}} --project-dir /opt/dbt-venv/lib/python3.11/site-packages/elementary/monitor/dbt_project --profiles-dir /opt/airflow/dbt
[31;20m2026-05-24 18:31:06 — ERROR — Failed to parse Elementary's database and schema.[0m
2026-05-24 18:31:06 — INFO — Running dbt command --log-format json run-operation elementary.log_macro_results --args {"macro_name": "elementary_cli.get_test_results", "macro_args": {"days_back": 7, "invocations_per_test": 720, "disable_passed_test_metrics": false}} --project-dir /opt/dbt-venv/lib/python3.11/site-packages/elementary/monitor/dbt_project --profiles-dir /opt/airflow/dbt
[31;20m2026-05-24 18:31:06 — ERROR — Could not generate the report - Error: Failed to run dbt command.
Runtime Error
  Could not find profile named 'elementary'
Please reach out to our community for help with this issue.[0m
Traceback (most recent call last):
  File "/opt/dbt-venv/lib/python3.11/site-packages/elementary/monitor/api/report/report.py", line 84, in get_report_data
    tests_api = TestsAPI(
                ^^^^^^^^^
  File "/opt/dbt-venv/lib/python3.11/site-packages/elementary/monitor/api/tests/tests.py", line 52, in __init__
    self.test_results_db_rows = self._get_test_results_db_rows(
                                ^^^^^^^^^^^^^^^^^^^^^^^^^^^^^^^
  File "/opt/dbt-venv/lib/python3.11/site-packages/elementary/monitor/api/tests/tests.py", line 64, in _get_test_results_db_rows
    return self.tests_fetcher.get_all_test_results_db_rows(
           ^^^^^^^^^^^^^^^^^^^^^^^^^^^^^^^^^^^^^^^^^^^^^^^^
  File "/opt/dbt-venv/lib/python3.11/site-packages/elementary/monitor/fetchers/tests/tests.py", line 26, in get_all_test_results_db_rows
    run_operation_response = self.dbt_runner.run_operation(
                             ^^^^^^^^^^^^^^^^^^^^^^^^^^^^^^
  File "/opt/dbt-venv/lib/python3.11/site-packages/elementary/clients/dbt/command_line_dbt_runner.py", line 351, in run_operation
    result = self._run_command(
             ^^^^^^^^^^^^^^^^^^
  File "/opt/dbt-venv/lib/python3.11/site-packages/elementary/clients/dbt/command_line_dbt_runner.py", line 209, in _run_command
    return self._inner_run_command_with_retries(
           ^^^^^^^^^^^^^^^^^^^^^^^^^^^^^^^^^^^^^
  File "/opt/dbt-venv/lib/python3.11/site-packages/tenacity/__init__.py", line 331, in wrapped_f
    return copy(f, *args, **kw)
           ^^^^^^^^^^^^^^^^^^^^
  File "/opt/dbt-venv/lib/python3.11/site-packages/tenacity/__init__.py", line 470, in __call__
    do = self.iter(retry_state=retry_state)
         ^^^^^^^^^^^^^^^^^^^^^^^^^^^^^^^^^^
  File "/opt/dbt-venv/lib/python3.11/site-packages/tenacity/__init__.py", line 371, in iter
    result = action(retry_state)
             ^^^^^^^^^^^^^^^^^^^
  File "/opt/dbt-venv/lib/python3.11/site-packages/tenacity/__init__.py", line 393, in <lambda>
    self._add_action_func(lambda rs: rs.outcome.result())
                                     ^^^^^^^^^^^^^^^^^^^
  File "/usr/local/lib/python3.11/concurrent/futures/_base.py", line 449, in result
    return self.__get_result()
           ^^^^^^^^^^^^^^^^^^^
  File "/usr/local/lib/python3.11/concurrent/futures/_base.py", line 401, in __get_result
    raise self._exception
  File "/opt/dbt-venv/lib/python3.11/site-packages/tenacity/__init__.py", line 473, in __call__
    result = fn(*args, **kwargs)
             ^^^^^^^^^^^^^^^^^^^
  File "/opt/dbt-venv/lib/python3.11/site-packages/elementary/clients/dbt/command_line_dbt_runner.py", line 246, in _inner_run_command_with_retries
    result = self._inner_run_command(
             ^^^^^^^^^^^^^^^^^^^^^^^^
  File "/opt/dbt-venv/lib/python3.11/site-packages/elementary/clients/dbt/api_dbt_runner.py", line 59, in _inner_run_command
    raise DbtCommandError(
elementary.exceptions.exceptions.DbtCommandError: Failed to run dbt command.
Runtime Error
  Could not find profile named 'elementary'
2026-05-24 18:31:55 — INFO — Running with edr=0.23.1
2026-05-24 18:31:56 — DEBUG — Resolved adapter type 'duckdb' for target 'dev'
2026-05-24 18:31:56 — DEBUG — Resolved adapter type 'duckdb' for target 'dev'
2026-05-24 18:31:56 — DEBUG — Running dbt command --log-format json run-operation elementary.log_macro_results --args {"macro_name": "elementary_cli.get_latest_invocation", "macro_args": {}} --project-dir /opt/dbt-venv/lib/python3.11/site-packages/elementary/monitor/dbt_project --profiles-dir /opt/airflow/dbt
2026-05-24 18:32:03 — DEBUG — Result bytes size for command '--log-format json run-operation elementary.log_macro_results --args {"macro_name": "elementary_cli.get_latest_invocation", "macro_args": {}} --project-dir /opt/dbt-venv/lib/python3.11/site-packages/elementary/monitor/dbt_project --profiles-dir /opt/airflow/dbt' is 267
[31;20m2026-05-24 18:32:03 — ERROR — Unable to get the latest invocation: list index out of range[0m
2026-05-24 18:32:03 — DEBUG — Running dbt command --log-format json run-operation elementary.log_macro_results --args {"macro_name": "elementary_cli.get_adapter_type_and_unique_id", "macro_args": {}} --project-dir /opt/dbt-venv/lib/python3.11/site-packages/elementary/monitor/dbt_project --profiles-dir /opt/airflow/dbt
2026-05-24 18:32:04 — DEBUG — Result bytes size for command '--log-format json run-operation elementary.log_macro_results --args {"macro_name": "elementary_cli.get_adapter_type_and_unique_id", "macro_args": {}} --project-dir /opt/dbt-venv/lib/python3.11/site-packages/elementary/monitor/dbt_project --profiles-dir /opt/airflow/dbt' is 515
2026-05-24 18:32:04 — DEBUG — Running dbt command --log-format json run-operation elementary.log_macro_results --args {"macro_name": "elementary_cli.get_elementary_database_and_schema", "macro_args": {}} --project-dir /opt/dbt-venv/lib/python3.11/site-packages/elementary/monitor/dbt_project --profiles-dir /opt/airflow/dbt
2026-05-24 18:32:05 — DEBUG — Result bytes size for command '--log-format json run-operation elementary.log_macro_results --args {"macro_name": "elementary_cli.get_elementary_database_and_schema", "macro_args": {}} --project-dir /opt/dbt-venv/lib/python3.11/site-packages/elementary/monitor/dbt_project --profiles-dir /opt/airflow/dbt' is 443
2026-05-24 18:32:05 — INFO — Elementary's database and schema: 'fraud_warehouse.main'
2026-05-24 18:32:05 — INFO — Running dbt command --log-format json run-operation elementary.log_macro_results --args {"macro_name": "elementary_cli.get_test_results", "macro_args": {"days_back": 7, "invocations_per_test": 720, "disable_passed_test_metrics": false}} --project-dir /opt/dbt-venv/lib/python3.11/site-packages/elementary/monitor/dbt_project --profiles-dir /opt/airflow/dbt
[31;20m2026-05-24 18:32:06 — ERROR — Could not generate the report - Error: Failed to run dbt command.
{"info": {"name": "RunningOperationCaughtError", "code": "Q001", "msg": "Encountered an error while running operation: Runtime Error\n  Catalog Error: Table with name elementary_test_results does not exist!\n  Did you mean \"main_elementary.elementary_test_results\"?\n  \n  LINE 11:         select * from \"fraud_warehouse\".\"main\".\"elementary_test_results\"\n                                 ^", "level": "error", "invocationId": "aa5cba48-b92f-4683-b8b5-95f467f61623", "pid": 95, "thread": "MainThread", "ts": "2026-05-24T18:32:05.865143Z"}, "data": {"exc": "Runtime Error\n  Catalog Error: Table with name elementary_test_results does not exist!\n  Did you mean \"main_elementary.elementary_test_results\"?\n  \n  LINE 11:         select * from \"fraud_warehouse\".\"main\".\"elementary_test_results\"\n                                 ^"}}
Please reach out to our community for help with this issue.[0m
Traceback (most recent call last):
  File "/opt/dbt-venv/lib/python3.11/site-packages/elementary/monitor/api/report/report.py", line 84, in get_report_data
    tests_api = TestsAPI(
                ^^^^^^^^^
  File "/opt/dbt-venv/lib/python3.11/site-packages/elementary/monitor/api/tests/tests.py", line 52, in __init__
    self.test_results_db_rows = self._get_test_results_db_rows(
                                ^^^^^^^^^^^^^^^^^^^^^^^^^^^^^^^
  File "/opt/dbt-venv/lib/python3.11/site-packages/elementary/monitor/api/tests/tests.py", line 64, in _get_test_results_db_rows
    return self.tests_fetcher.get_all_test_results_db_rows(
           ^^^^^^^^^^^^^^^^^^^^^^^^^^^^^^^^^^^^^^^^^^^^^^^^
  File "/opt/dbt-venv/lib/python3.11/site-packages/elementary/monitor/fetchers/tests/tests.py", line 26, in get_all_test_results_db_rows
    run_operation_response = self.dbt_runner.run_operation(
                             ^^^^^^^^^^^^^^^^^^^^^^^^^^^^^^
  File "/opt/dbt-venv/lib/python3.11/site-packages/elementary/clients/dbt/command_line_dbt_runner.py", line 351, in run_operation
    result = self._run_command(
             ^^^^^^^^^^^^^^^^^^
  File "/opt/dbt-venv/lib/python3.11/site-packages/elementary/clients/dbt/command_line_dbt_runner.py", line 209, in _run_command
    return self._inner_run_command_with_retries(
           ^^^^^^^^^^^^^^^^^^^^^^^^^^^^^^^^^^^^^
  File "/opt/dbt-venv/lib/python3.11/site-packages/tenacity/__init__.py", line 331, in wrapped_f
    return copy(f, *args, **kw)
           ^^^^^^^^^^^^^^^^^^^^
  File "/opt/dbt-venv/lib/python3.11/site-packages/tenacity/__init__.py", line 470, in __call__
    do = self.iter(retry_state=retry_state)
         ^^^^^^^^^^^^^^^^^^^^^^^^^^^^^^^^^^
  File "/opt/dbt-venv/lib/python3.11/site-packages/tenacity/__init__.py", line 371, in iter
    result = action(retry_state)
             ^^^^^^^^^^^^^^^^^^^
  File "/opt/dbt-venv/lib/python3.11/site-packages/tenacity/__init__.py", line 393, in <lambda>
    self._add_action_func(lambda rs: rs.outcome.result())
                                     ^^^^^^^^^^^^^^^^^^^
  File "/usr/local/lib/python3.11/concurrent/futures/_base.py", line 449, in result
    return self.__get_result()
           ^^^^^^^^^^^^^^^^^^^
  File "/usr/local/lib/python3.11/concurrent/futures/_base.py", line 401, in __get_result
    raise self._exception
  File "/opt/dbt-venv/lib/python3.11/site-packages/tenacity/__init__.py", line 473, in __call__
    result = fn(*args, **kwargs)
             ^^^^^^^^^^^^^^^^^^^
  File "/opt/dbt-venv/lib/python3.11/site-packages/elementary/clients/dbt/command_line_dbt_runner.py", line 246, in _inner_run_command_with_retries
    result = self._inner_run_command(
             ^^^^^^^^^^^^^^^^^^^^^^^^
  File "/opt/dbt-venv/lib/python3.11/site-packages/elementary/clients/dbt/api_dbt_runner.py", line 59, in _inner_run_command
    raise DbtCommandError(
elementary.exceptions.exceptions.DbtCommandError: Failed to run dbt command.
{"info": {"name": "RunningOperationCaughtError", "code": "Q001", "msg": "Encountered an error while running operation: Runtime Error\n  Catalog Error: Table with name elementary_test_results does not exist!\n  Did you mean \"main_elementary.elementary_test_results\"?\n  \n  LINE 11:         select * from \"fraud_warehouse\".\"main\".\"elementary_test_results\"\n                                 ^", "level": "error", "invocationId": "aa5cba48-b92f-4683-b8b5-95f467f61623", "pid": 95, "thread": "MainThread", "ts": "2026-05-24T18:32:05.865143Z"}, "data": {"exc": "Runtime Error\n  Catalog Error: Table with name elementary_test_results does not exist!\n  Did you mean \"main_elementary.elementary_test_results\"?\n  \n  LINE 11:         select * from \"fraud_warehouse\".\"main\".\"elementary_test_results\"\n                                 ^"}}
2026-05-24 18:33:08 — INFO — Running with edr=0.23.1
2026-05-24 18:33:09 — DEBUG — Resolved adapter type 'duckdb' for target 'dev'
2026-05-24 18:33:09 — DEBUG — Resolved adapter type 'duckdb' for target 'dev'
2026-05-24 18:33:09 — DEBUG — Running dbt command --log-format json run-operation elementary.log_macro_results --args {"macro_name": "elementary_cli.get_latest_invocation", "macro_args": {}} --project-dir /opt/dbt-venv/lib/python3.11/site-packages/elementary/monitor/dbt_project --profiles-dir /opt/airflow/dbt
2026-05-24 18:33:15 — DEBUG — Result bytes size for command '--log-format json run-operation elementary.log_macro_results --args {"macro_name": "elementary_cli.get_latest_invocation", "macro_args": {}} --project-dir /opt/dbt-venv/lib/python3.11/site-packages/elementary/monitor/dbt_project --profiles-dir /opt/airflow/dbt' is 2536
2026-05-24 18:33:15 — DEBUG — Running dbt command --log-format json run-operation elementary.log_macro_results --args {"macro_name": "elementary_cli.get_adapter_type_and_unique_id", "macro_args": {}} --project-dir /opt/dbt-venv/lib/python3.11/site-packages/elementary/monitor/dbt_project --profiles-dir /opt/airflow/dbt
2026-05-24 18:33:16 — DEBUG — Result bytes size for command '--log-format json run-operation elementary.log_macro_results --args {"macro_name": "elementary_cli.get_adapter_type_and_unique_id", "macro_args": {}} --project-dir /opt/dbt-venv/lib/python3.11/site-packages/elementary/monitor/dbt_project --profiles-dir /opt/airflow/dbt' is 516
2026-05-24 18:33:16 — INFO — edr (0.23.1) and Elementary's dbt package (0.23.1) are compatible.
2026-05-24 18:33:16 — DEBUG — Running dbt command --log-format json run-operation elementary.log_macro_results --args {"macro_name": "elementary_cli.get_elementary_database_and_schema", "macro_args": {}} --project-dir /opt/dbt-venv/lib/python3.11/site-packages/elementary/monitor/dbt_project --profiles-dir /opt/airflow/dbt
2026-05-24 18:33:17 — DEBUG — Result bytes size for command '--log-format json run-operation elementary.log_macro_results --args {"macro_name": "elementary_cli.get_elementary_database_and_schema", "macro_args": {}} --project-dir /opt/dbt-venv/lib/python3.11/site-packages/elementary/monitor/dbt_project --profiles-dir /opt/airflow/dbt' is 466
2026-05-24 18:33:17 — INFO — Elementary's database and schema: 'fraud_warehouse.main_elementary'
2026-05-24 18:33:17 — INFO — Running dbt command --log-format json run-operation elementary.log_macro_results --args {"macro_name": "elementary_cli.get_test_results", "macro_args": {"days_back": 7, "invocations_per_test": 720, "disable_passed_test_metrics": false}} --project-dir /opt/dbt-venv/lib/python3.11/site-packages/elementary/monitor/dbt_project --profiles-dir /opt/airflow/dbt
2026-05-24 18:33:19 — DEBUG — Result bytes size for command '--log-format json run-operation elementary.log_macro_results --args {"macro_name": "elementary_cli.get_test_results", "macro_args": {"days_back": 7, "invocations_per_test": 720, "disable_passed_test_metrics": false}} --project-dir /opt/dbt-venv/lib/python3.11/site-packages/elementary/monitor/dbt_project --profiles-dir /opt/airflow/dbt' is 1299570
2026-05-24 18:33:19 — INFO — Running dbt command --log-format json run-operation elementary.log_macro_results --args {"macro_name": "elementary_cli.get_source_freshness_results", "macro_args": {"days_back": 7, "invocations_per_test": 720}} --project-dir /opt/dbt-venv/lib/python3.11/site-packages/elementary/monitor/dbt_project --profiles-dir /opt/airflow/dbt
2026-05-24 18:33:20 — DEBUG — Result bytes size for command '--log-format json run-operation elementary.log_macro_results --args {"macro_name": "elementary_cli.get_source_freshness_results", "macro_args": {"days_back": 7, "invocations_per_test": 720}} --project-dir /opt/dbt-venv/lib/python3.11/site-packages/elementary/monitor/dbt_project --profiles-dir /opt/airflow/dbt' is 400
2026-05-24 18:33:20 — INFO — Running dbt command --log-format json run-operation elementary.log_macro_results --args {"macro_name": "elementary_cli.get_seeds", "macro_args": {}} --project-dir /opt/dbt-venv/lib/python3.11/site-packages/elementary/monitor/dbt_project --profiles-dir /opt/airflow/dbt
2026-05-24 18:33:21 — DEBUG — Result bytes size for command '--log-format json run-operation elementary.log_macro_results --args {"macro_name": "elementary_cli.get_seeds", "macro_args": {}} --project-dir /opt/dbt-venv/lib/python3.11/site-packages/elementary/monitor/dbt_project --profiles-dir /opt/airflow/dbt' is 400
2026-05-24 18:33:21 — INFO — Running dbt command --log-format json run-operation elementary.log_macro_results --args {"macro_name": "elementary_cli.get_snapshots", "macro_args": {}} --project-dir /opt/dbt-venv/lib/python3.11/site-packages/elementary/monitor/dbt_project --profiles-dir /opt/airflow/dbt
2026-05-24 18:33:22 — DEBUG — Result bytes size for command '--log-format json run-operation elementary.log_macro_results --args {"macro_name": "elementary_cli.get_snapshots", "macro_args": {}} --project-dir /opt/dbt-venv/lib/python3.11/site-packages/elementary/monitor/dbt_project --profiles-dir /opt/airflow/dbt' is 400
2026-05-24 18:33:22 — INFO — Running dbt command --log-format json run-operation elementary.log_macro_results --args {"macro_name": "elementary_cli.get_models", "macro_args": {"exclude_elementary": true}} --project-dir /opt/dbt-venv/lib/python3.11/site-packages/elementary/monitor/dbt_project --profiles-dir /opt/airflow/dbt
2026-05-24 18:33:24 — DEBUG — Result bytes size for command '--log-format json run-operation elementary.log_macro_results --args {"macro_name": "elementary_cli.get_models", "macro_args": {"exclude_elementary": true}} --project-dir /opt/dbt-venv/lib/python3.11/site-packages/elementary/monitor/dbt_project --profiles-dir /opt/airflow/dbt' is 4368
2026-05-24 18:33:24 — INFO — Running dbt command --log-format json run-operation elementary.log_macro_results --args {"macro_name": "elementary_cli.get_sources", "macro_args": {}} --project-dir /opt/dbt-venv/lib/python3.11/site-packages/elementary/monitor/dbt_project --profiles-dir /opt/airflow/dbt
2026-05-24 18:33:25 — DEBUG — Result bytes size for command '--log-format json run-operation elementary.log_macro_results --args {"macro_name": "elementary_cli.get_sources", "macro_args": {}} --project-dir /opt/dbt-venv/lib/python3.11/site-packages/elementary/monitor/dbt_project --profiles-dir /opt/airflow/dbt' is 1748
2026-05-24 18:33:25 — INFO — Running dbt command --log-format json run-operation elementary.log_macro_results --args {"macro_name": "elementary_cli.get_exposures", "macro_args": {}} --project-dir /opt/dbt-venv/lib/python3.11/site-packages/elementary/monitor/dbt_project --profiles-dir /opt/airflow/dbt
2026-05-24 18:33:26 — DEBUG — Result bytes size for command '--log-format json run-operation elementary.log_macro_results --args {"macro_name": "elementary_cli.get_exposures", "macro_args": {}} --project-dir /opt/dbt-venv/lib/python3.11/site-packages/elementary/monitor/dbt_project --profiles-dir /opt/airflow/dbt' is 400
2026-05-24 18:33:26 — INFO — Running dbt command --log-format json run-operation elementary.log_macro_results --args {"macro_name": "elementary_cli.get_singular_tests", "macro_args": {}} --project-dir /opt/dbt-venv/lib/python3.11/site-packages/elementary/monitor/dbt_project --profiles-dir /opt/airflow/dbt
2026-05-24 18:33:27 — DEBUG — Result bytes size for command '--log-format json run-operation elementary.log_macro_results --args {"macro_name": "elementary_cli.get_singular_tests", "macro_args": {}} --project-dir /opt/dbt-venv/lib/python3.11/site-packages/elementary/monitor/dbt_project --profiles-dir /opt/airflow/dbt' is 400
2026-05-24 18:33:27 — INFO — Running dbt command --log-format json run-operation elementary.log_macro_results --args {"macro_name": "elementary_cli.get_models_runs", "macro_args": {"days_back": 7, "exclude_elementary": true}} --project-dir /opt/dbt-venv/lib/python3.11/site-packages/elementary/monitor/dbt_project --profiles-dir /opt/airflow/dbt
2026-05-24 18:33:28 — DEBUG — Result bytes size for command '--log-format json run-operation elementary.log_macro_results --args {"macro_name": "elementary_cli.get_models_runs", "macro_args": {"days_back": 7, "exclude_elementary": true}} --project-dir /opt/dbt-venv/lib/python3.11/site-packages/elementary/monitor/dbt_project --profiles-dir /opt/airflow/dbt' is 12164
2026-05-24 18:33:28 — INFO — Running dbt command --log-format json run-operation elementary.log_macro_results --args {"macro_name": "elementary_cli.get_dbt_models_test_coverage", "macro_args": {}} --project-dir /opt/dbt-venv/lib/python3.11/site-packages/elementary/monitor/dbt_project --profiles-dir /opt/airflow/dbt
2026-05-24 18:33:29 — DEBUG — Result bytes size for command '--log-format json run-operation elementary.log_macro_results --args {"macro_name": "elementary_cli.get_dbt_models_test_coverage", "macro_args": {}} --project-dir /opt/dbt-venv/lib/python3.11/site-packages/elementary/monitor/dbt_project --profiles-dir /opt/airflow/dbt' is 1316
2026-05-24 18:33:29 — INFO — Running dbt command --log-format json run-operation elementary.log_macro_results --args {"macro_name": "elementary_cli.get_tests", "macro_args": {}} --project-dir /opt/dbt-venv/lib/python3.11/site-packages/elementary/monitor/dbt_project --profiles-dir /opt/airflow/dbt
2026-05-24 18:33:30 — DEBUG — Result bytes size for command '--log-format json run-operation elementary.log_macro_results --args {"macro_name": "elementary_cli.get_tests", "macro_args": {}} --project-dir /opt/dbt-venv/lib/python3.11/site-packages/elementary/monitor/dbt_project --profiles-dir /opt/airflow/dbt' is 212800
2026-05-24 18:33:30 — INFO — Running dbt command --log-format json run-operation elementary.log_macro_results --args {"macro_name": "elementary_cli.get_nodes_depends_on_nodes", "macro_args": {"exclude_elementary": true}} --project-dir /opt/dbt-venv/lib/python3.11/site-packages/elementary/monitor/dbt_project --profiles-dir /opt/airflow/dbt
2026-05-24 18:33:32 — DEBUG — Result bytes size for command '--log-format json run-operation elementary.log_macro_results --args {"macro_name": "elementary_cli.get_nodes_depends_on_nodes", "macro_args": {"exclude_elementary": true}} --project-dir /opt/dbt-venv/lib/python3.11/site-packages/elementary/monitor/dbt_project --profiles-dir /opt/airflow/dbt' is 1942
2026-05-24 18:33:32 — INFO — Running dbt command --log-format json run-operation elementary.log_macro_results --args {"macro_name": "elementary_cli.get_models_latest_invocation", "macro_args": {}} --project-dir /opt/dbt-venv/lib/python3.11/site-packages/elementary/monitor/dbt_project --profiles-dir /opt/airflow/dbt
2026-05-24 18:33:33 — DEBUG — Result bytes size for command '--log-format json run-operation elementary.log_macro_results --args {"macro_name": "elementary_cli.get_models_latest_invocation", "macro_args": {}} --project-dir /opt/dbt-venv/lib/python3.11/site-packages/elementary/monitor/dbt_project --profiles-dir /opt/airflow/dbt' is 8218
2026-05-24 18:33:33 — INFO — Running dbt command --log-format json run-operation elementary.log_macro_results --args {"macro_name": "elementary_cli.get_models_latest_invocations_data", "macro_args": {}} --project-dir /opt/dbt-venv/lib/python3.11/site-packages/elementary/monitor/dbt_project --profiles-dir /opt/airflow/dbt
2026-05-24 18:33:34 — DEBUG — Result bytes size for command '--log-format json run-operation elementary.log_macro_results --args {"macro_name": "elementary_cli.get_models_latest_invocations_data", "macro_args": {}} --project-dir /opt/dbt-venv/lib/python3.11/site-packages/elementary/monitor/dbt_project --profiles-dir /opt/airflow/dbt' is 874
2026-05-24 18:40:01 — INFO — Running with edr=0.23.1
2026-05-24 18:40:01 — DEBUG — Resolved adapter type 'duckdb' for target 'dev'
2026-05-24 18:40:01 — DEBUG — Resolved adapter type 'duckdb' for target 'dev'
2026-05-24 18:40:01 — INFO — Installing packages for edr internal dbt package...
2026-05-24 18:40:01 — INFO — Running dbt command --log-format json deps --project-dir /opt/dbt-venv/lib/python3.11/site-packages/elementary/monitor/dbt_project --profiles-dir /opt/airflow/dbt
2026-05-24 18:40:03 — DEBUG — Running dbt command --log-format json run-operation elementary.log_macro_results --args {"macro_name": "elementary_cli.get_latest_invocation", "macro_args": {}} --project-dir /opt/dbt-venv/lib/python3.11/site-packages/elementary/monitor/dbt_project --profiles-dir /opt/airflow/dbt
2026-05-24 18:40:09 — DEBUG — Result bytes size for command '--log-format json run-operation elementary.log_macro_results --args {"macro_name": "elementary_cli.get_latest_invocation", "macro_args": {}} --project-dir /opt/dbt-venv/lib/python3.11/site-packages/elementary/monitor/dbt_project --profiles-dir /opt/airflow/dbt' is 2537
2026-05-24 18:40:09 — DEBUG — Running dbt command --log-format json run-operation elementary.log_macro_results --args {"macro_name": "elementary_cli.get_adapter_type_and_unique_id", "macro_args": {}} --project-dir /opt/dbt-venv/lib/python3.11/site-packages/elementary/monitor/dbt_project --profiles-dir /opt/airflow/dbt
2026-05-24 18:40:10 — DEBUG — Result bytes size for command '--log-format json run-operation elementary.log_macro_results --args {"macro_name": "elementary_cli.get_adapter_type_and_unique_id", "macro_args": {}} --project-dir /opt/dbt-venv/lib/python3.11/site-packages/elementary/monitor/dbt_project --profiles-dir /opt/airflow/dbt' is 517
2026-05-24 18:40:10 — INFO — edr (0.23.1) and Elementary's dbt package (0.23.1) are compatible.
2026-05-24 18:40:10 — DEBUG — Running dbt command --log-format json run-operation elementary.log_macro_results --args {"macro_name": "elementary_cli.get_elementary_database_and_schema", "macro_args": {}} --project-dir /opt/dbt-venv/lib/python3.11/site-packages/elementary/monitor/dbt_project --profiles-dir /opt/airflow/dbt
2026-05-24 18:40:11 — DEBUG — Result bytes size for command '--log-format json run-operation elementary.log_macro_results --args {"macro_name": "elementary_cli.get_elementary_database_and_schema", "macro_args": {}} --project-dir /opt/dbt-venv/lib/python3.11/site-packages/elementary/monitor/dbt_project --profiles-dir /opt/airflow/dbt' is 467
2026-05-24 18:40:11 — INFO — Elementary's database and schema: 'fraud_warehouse.main_elementary'
2026-05-24 18:40:11 — INFO — Running dbt command --log-format json run-operation elementary.log_macro_results --args {"macro_name": "elementary_cli.get_test_results", "macro_args": {"days_back": 7, "invocations_per_test": 720, "disable_passed_test_metrics": false}} --project-dir /opt/dbt-venv/lib/python3.11/site-packages/elementary/monitor/dbt_project --profiles-dir /opt/airflow/dbt
2026-05-24 18:40:13 — DEBUG — Result bytes size for command '--log-format json run-operation elementary.log_macro_results --args {"macro_name": "elementary_cli.get_test_results", "macro_args": {"days_back": 7, "invocations_per_test": 720, "disable_passed_test_metrics": false}} --project-dir /opt/dbt-venv/lib/python3.11/site-packages/elementary/monitor/dbt_project --profiles-dir /opt/airflow/dbt' is 1954591
2026-05-24 18:40:13 — INFO — Running dbt command --log-format json run-operation elementary.log_macro_results --args {"macro_name": "elementary_cli.get_source_freshness_results", "macro_args": {"days_back": 7, "invocations_per_test": 720}} --project-dir /opt/dbt-venv/lib/python3.11/site-packages/elementary/monitor/dbt_project --profiles-dir /opt/airflow/dbt
2026-05-24 18:40:14 — DEBUG — Result bytes size for command '--log-format json run-operation elementary.log_macro_results --args {"macro_name": "elementary_cli.get_source_freshness_results", "macro_args": {"days_back": 7, "invocations_per_test": 720}} --project-dir /opt/dbt-venv/lib/python3.11/site-packages/elementary/monitor/dbt_project --profiles-dir /opt/airflow/dbt' is 401
2026-05-24 18:40:14 — INFO — Running dbt command --log-format json run-operation elementary.log_macro_results --args {"macro_name": "elementary_cli.get_seeds", "macro_args": {}} --project-dir /opt/dbt-venv/lib/python3.11/site-packages/elementary/monitor/dbt_project --profiles-dir /opt/airflow/dbt
2026-05-24 18:40:15 — DEBUG — Result bytes size for command '--log-format json run-operation elementary.log_macro_results --args {"macro_name": "elementary_cli.get_seeds", "macro_args": {}} --project-dir /opt/dbt-venv/lib/python3.11/site-packages/elementary/monitor/dbt_project --profiles-dir /opt/airflow/dbt' is 401
2026-05-24 18:40:15 — INFO — Running dbt command --log-format json run-operation elementary.log_macro_results --args {"macro_name": "elementary_cli.get_snapshots", "macro_args": {}} --project-dir /opt/dbt-venv/lib/python3.11/site-packages/elementary/monitor/dbt_project --profiles-dir /opt/airflow/dbt
2026-05-24 18:40:16 — DEBUG — Result bytes size for command '--log-format json run-operation elementary.log_macro_results --args {"macro_name": "elementary_cli.get_snapshots", "macro_args": {}} --project-dir /opt/dbt-venv/lib/python3.11/site-packages/elementary/monitor/dbt_project --profiles-dir /opt/airflow/dbt' is 401
2026-05-24 18:40:16 — INFO — Running dbt command --log-format json run-operation elementary.log_macro_results --args {"macro_name": "elementary_cli.get_models", "macro_args": {"exclude_elementary": true}} --project-dir /opt/dbt-venv/lib/python3.11/site-packages/elementary/monitor/dbt_project --profiles-dir /opt/airflow/dbt
2026-05-24 18:40:17 — DEBUG — Result bytes size for command '--log-format json run-operation elementary.log_macro_results --args {"macro_name": "elementary_cli.get_models", "macro_args": {"exclude_elementary": true}} --project-dir /opt/dbt-venv/lib/python3.11/site-packages/elementary/monitor/dbt_project --profiles-dir /opt/airflow/dbt' is 4369
2026-05-24 18:40:17 — INFO — Running dbt command --log-format json run-operation elementary.log_macro_results --args {"macro_name": "elementary_cli.get_sources", "macro_args": {}} --project-dir /opt/dbt-venv/lib/python3.11/site-packages/elementary/monitor/dbt_project --profiles-dir /opt/airflow/dbt
2026-05-24 18:40:18 — DEBUG — Result bytes size for command '--log-format json run-operation elementary.log_macro_results --args {"macro_name": "elementary_cli.get_sources", "macro_args": {}} --project-dir /opt/dbt-venv/lib/python3.11/site-packages/elementary/monitor/dbt_project --profiles-dir /opt/airflow/dbt' is 1749
2026-05-24 18:40:18 — INFO — Running dbt command --log-format json run-operation elementary.log_macro_results --args {"macro_name": "elementary_cli.get_exposures", "macro_args": {}} --project-dir /opt/dbt-venv/lib/python3.11/site-packages/elementary/monitor/dbt_project --profiles-dir /opt/airflow/dbt
2026-05-24 18:40:19 — DEBUG — Result bytes size for command '--log-format json run-operation elementary.log_macro_results --args {"macro_name": "elementary_cli.get_exposures", "macro_args": {}} --project-dir /opt/dbt-venv/lib/python3.11/site-packages/elementary/monitor/dbt_project --profiles-dir /opt/airflow/dbt' is 401
2026-05-24 18:40:19 — INFO — Running dbt command --log-format json run-operation elementary.log_macro_results --args {"macro_name": "elementary_cli.get_singular_tests", "macro_args": {}} --project-dir /opt/dbt-venv/lib/python3.11/site-packages/elementary/monitor/dbt_project --profiles-dir /opt/airflow/dbt
2026-05-24 18:40:20 — DEBUG — Result bytes size for command '--log-format json run-operation elementary.log_macro_results --args {"macro_name": "elementary_cli.get_singular_tests", "macro_args": {}} --project-dir /opt/dbt-venv/lib/python3.11/site-packages/elementary/monitor/dbt_project --profiles-dir /opt/airflow/dbt' is 401
2026-05-24 18:40:20 — INFO — Running dbt command --log-format json run-operation elementary.log_macro_results --args {"macro_name": "elementary_cli.get_models_runs", "macro_args": {"days_back": 7, "exclude_elementary": true}} --project-dir /opt/dbt-venv/lib/python3.11/site-packages/elementary/monitor/dbt_project --profiles-dir /opt/airflow/dbt
2026-05-24 18:40:21 — DEBUG — Result bytes size for command '--log-format json run-operation elementary.log_macro_results --args {"macro_name": "elementary_cli.get_models_runs", "macro_args": {"days_back": 7, "exclude_elementary": true}} --project-dir /opt/dbt-venv/lib/python3.11/site-packages/elementary/monitor/dbt_project --profiles-dir /opt/airflow/dbt' is 14291
2026-05-24 18:40:21 — INFO — Running dbt command --log-format json run-operation elementary.log_macro_results --args {"macro_name": "elementary_cli.get_dbt_models_test_coverage", "macro_args": {}} --project-dir /opt/dbt-venv/lib/python3.11/site-packages/elementary/monitor/dbt_project --profiles-dir /opt/airflow/dbt
2026-05-24 18:40:22 — DEBUG — Result bytes size for command '--log-format json run-operation elementary.log_macro_results --args {"macro_name": "elementary_cli.get_dbt_models_test_coverage", "macro_args": {}} --project-dir /opt/dbt-venv/lib/python3.11/site-packages/elementary/monitor/dbt_project --profiles-dir /opt/airflow/dbt' is 1317
2026-05-24 18:40:22 — INFO — Running dbt command --log-format json run-operation elementary.log_macro_results --args {"macro_name": "elementary_cli.get_tests", "macro_args": {}} --project-dir /opt/dbt-venv/lib/python3.11/site-packages/elementary/monitor/dbt_project --profiles-dir /opt/airflow/dbt
2026-05-24 18:40:23 — DEBUG — Result bytes size for command '--log-format json run-operation elementary.log_macro_results --args {"macro_name": "elementary_cli.get_tests", "macro_args": {}} --project-dir /opt/dbt-venv/lib/python3.11/site-packages/elementary/monitor/dbt_project --profiles-dir /opt/airflow/dbt' is 212801
2026-05-24 18:40:23 — INFO — Running dbt command --log-format json run-operation elementary.log_macro_results --args {"macro_name": "elementary_cli.get_nodes_depends_on_nodes", "macro_args": {"exclude_elementary": true}} --project-dir /opt/dbt-venv/lib/python3.11/site-packages/elementary/monitor/dbt_project --profiles-dir /opt/airflow/dbt
2026-05-24 18:40:24 — DEBUG — Result bytes size for command '--log-format json run-operation elementary.log_macro_results --args {"macro_name": "elementary_cli.get_nodes_depends_on_nodes", "macro_args": {"exclude_elementary": true}} --project-dir /opt/dbt-venv/lib/python3.11/site-packages/elementary/monitor/dbt_project --profiles-dir /opt/airflow/dbt' is 1943
2026-05-24 18:40:24 — INFO — Running dbt command --log-format json run-operation elementary.log_macro_results --args {"macro_name": "elementary_cli.get_models_latest_invocation", "macro_args": {}} --project-dir /opt/dbt-venv/lib/python3.11/site-packages/elementary/monitor/dbt_project --profiles-dir /opt/airflow/dbt
2026-05-24 18:40:25 — DEBUG — Result bytes size for command '--log-format json run-operation elementary.log_macro_results --args {"macro_name": "elementary_cli.get_models_latest_invocation", "macro_args": {}} --project-dir /opt/dbt-venv/lib/python3.11/site-packages/elementary/monitor/dbt_project --profiles-dir /opt/airflow/dbt' is 8219
2026-05-24 18:40:25 — INFO — Running dbt command --log-format json run-operation elementary.log_macro_results --args {"macro_name": "elementary_cli.get_models_latest_invocations_data", "macro_args": {}} --project-dir /opt/dbt-venv/lib/python3.11/site-packages/elementary/monitor/dbt_project --profiles-dir /opt/airflow/dbt
2026-05-24 18:40:26 — DEBUG — Result bytes size for command '--log-format json run-operation elementary.log_macro_results --args {"macro_name": "elementary_cli.get_models_latest_invocations_data", "macro_args": {}} --project-dir /opt/dbt-venv/lib/python3.11/site-packages/elementary/monitor/dbt_project --profiles-dir /opt/airflow/dbt' is 875
2026-05-24 20:17:38 — INFO — Running with edr=0.23.1
2026-05-24 20:17:39 — DEBUG — Resolved adapter type 'duckdb' for target 'dev'
2026-05-24 20:17:39 — DEBUG — Resolved adapter type 'duckdb' for target 'dev'
2026-05-24 20:17:39 — INFO — Installing packages for edr internal dbt package...
2026-05-24 20:17:39 — INFO — Running dbt command --log-format json deps --project-dir /opt/dbt-venv/lib/python3.11/site-packages/elementary/monitor/dbt_project --profiles-dir /opt/airflow/dbt
2026-05-24 20:17:41 — DEBUG — Running dbt command --log-format json run-operation elementary.log_macro_results --args {"macro_name": "elementary_cli.get_latest_invocation", "macro_args": {}} --project-dir /opt/dbt-venv/lib/python3.11/site-packages/elementary/monitor/dbt_project --profiles-dir /opt/airflow/dbt
2026-05-24 20:17:47 — DEBUG — Result bytes size for command '--log-format json run-operation elementary.log_macro_results --args {"macro_name": "elementary_cli.get_latest_invocation", "macro_args": {}} --project-dir /opt/dbt-venv/lib/python3.11/site-packages/elementary/monitor/dbt_project --profiles-dir /opt/airflow/dbt' is 2537
2026-05-24 20:17:47 — DEBUG — Running dbt command --log-format json run-operation elementary.log_macro_results --args {"macro_name": "elementary_cli.get_adapter_type_and_unique_id", "macro_args": {}} --project-dir /opt/dbt-venv/lib/python3.11/site-packages/elementary/monitor/dbt_project --profiles-dir /opt/airflow/dbt
2026-05-24 20:17:48 — DEBUG — Result bytes size for command '--log-format json run-operation elementary.log_macro_results --args {"macro_name": "elementary_cli.get_adapter_type_and_unique_id", "macro_args": {}} --project-dir /opt/dbt-venv/lib/python3.11/site-packages/elementary/monitor/dbt_project --profiles-dir /opt/airflow/dbt' is 517
2026-05-24 20:17:48 — INFO — edr (0.23.1) and Elementary's dbt package (0.23.1) are compatible.
2026-05-24 20:17:48 — DEBUG — Running dbt command --log-format json run-operation elementary.log_macro_results --args {"macro_name": "elementary_cli.get_elementary_database_and_schema", "macro_args": {}} --project-dir /opt/dbt-venv/lib/python3.11/site-packages/elementary/monitor/dbt_project --profiles-dir /opt/airflow/dbt
2026-05-24 20:17:49 — DEBUG — Result bytes size for command '--log-format json run-operation elementary.log_macro_results --args {"macro_name": "elementary_cli.get_elementary_database_and_schema", "macro_args": {}} --project-dir /opt/dbt-venv/lib/python3.11/site-packages/elementary/monitor/dbt_project --profiles-dir /opt/airflow/dbt' is 467
2026-05-24 20:17:49 — INFO — Elementary's database and schema: 'fraud_warehouse.main_elementary'
2026-05-24 20:17:49 — INFO — Running dbt command --log-format json run-operation elementary.log_macro_results --args {"macro_name": "elementary_cli.get_test_results", "macro_args": {"days_back": 7, "invocations_per_test": 720, "disable_passed_test_metrics": false}} --project-dir /opt/dbt-venv/lib/python3.11/site-packages/elementary/monitor/dbt_project --profiles-dir /opt/airflow/dbt
2026-05-24 20:17:52 — DEBUG — Result bytes size for command '--log-format json run-operation elementary.log_macro_results --args {"macro_name": "elementary_cli.get_test_results", "macro_args": {"days_back": 7, "invocations_per_test": 720, "disable_passed_test_metrics": false}} --project-dir /opt/dbt-venv/lib/python3.11/site-packages/elementary/monitor/dbt_project --profiles-dir /opt/airflow/dbt' is 3277289
2026-05-24 20:17:52 — INFO — Running dbt command --log-format json run-operation elementary.log_macro_results --args {"macro_name": "elementary_cli.get_source_freshness_results", "macro_args": {"days_back": 7, "invocations_per_test": 720}} --project-dir /opt/dbt-venv/lib/python3.11/site-packages/elementary/monitor/dbt_project --profiles-dir /opt/airflow/dbt
2026-05-24 20:17:54 — DEBUG — Result bytes size for command '--log-format json run-operation elementary.log_macro_results --args {"macro_name": "elementary_cli.get_source_freshness_results", "macro_args": {"days_back": 7, "invocations_per_test": 720}} --project-dir /opt/dbt-venv/lib/python3.11/site-packages/elementary/monitor/dbt_project --profiles-dir /opt/airflow/dbt' is 401
2026-05-24 20:17:54 — INFO — Running dbt command --log-format json run-operation elementary.log_macro_results --args {"macro_name": "elementary_cli.get_seeds", "macro_args": {}} --project-dir /opt/dbt-venv/lib/python3.11/site-packages/elementary/monitor/dbt_project --profiles-dir /opt/airflow/dbt
2026-05-24 20:17:55 — DEBUG — Result bytes size for command '--log-format json run-operation elementary.log_macro_results --args {"macro_name": "elementary_cli.get_seeds", "macro_args": {}} --project-dir /opt/dbt-venv/lib/python3.11/site-packages/elementary/monitor/dbt_project --profiles-dir /opt/airflow/dbt' is 401
2026-05-24 20:17:55 — INFO — Running dbt command --log-format json run-operation elementary.log_macro_results --args {"macro_name": "elementary_cli.get_snapshots", "macro_args": {}} --project-dir /opt/dbt-venv/lib/python3.11/site-packages/elementary/monitor/dbt_project --profiles-dir /opt/airflow/dbt
2026-05-24 20:17:56 — DEBUG — Result bytes size for command '--log-format json run-operation elementary.log_macro_results --args {"macro_name": "elementary_cli.get_snapshots", "macro_args": {}} --project-dir /opt/dbt-venv/lib/python3.11/site-packages/elementary/monitor/dbt_project --profiles-dir /opt/airflow/dbt' is 401
2026-05-24 20:17:56 — INFO — Running dbt command --log-format json run-operation elementary.log_macro_results --args {"macro_name": "elementary_cli.get_models", "macro_args": {"exclude_elementary": true}} --project-dir /opt/dbt-venv/lib/python3.11/site-packages/elementary/monitor/dbt_project --profiles-dir /opt/airflow/dbt
2026-05-24 20:17:57 — DEBUG — Result bytes size for command '--log-format json run-operation elementary.log_macro_results --args {"macro_name": "elementary_cli.get_models", "macro_args": {"exclude_elementary": true}} --project-dir /opt/dbt-venv/lib/python3.11/site-packages/elementary/monitor/dbt_project --profiles-dir /opt/airflow/dbt' is 4369
2026-05-24 20:17:57 — INFO — Running dbt command --log-format json run-operation elementary.log_macro_results --args {"macro_name": "elementary_cli.get_sources", "macro_args": {}} --project-dir /opt/dbt-venv/lib/python3.11/site-packages/elementary/monitor/dbt_project --profiles-dir /opt/airflow/dbt
2026-05-24 20:17:58 — DEBUG — Result bytes size for command '--log-format json run-operation elementary.log_macro_results --args {"macro_name": "elementary_cli.get_sources", "macro_args": {}} --project-dir /opt/dbt-venv/lib/python3.11/site-packages/elementary/monitor/dbt_project --profiles-dir /opt/airflow/dbt' is 1749
2026-05-24 20:17:58 — INFO — Running dbt command --log-format json run-operation elementary.log_macro_results --args {"macro_name": "elementary_cli.get_exposures", "macro_args": {}} --project-dir /opt/dbt-venv/lib/python3.11/site-packages/elementary/monitor/dbt_project --profiles-dir /opt/airflow/dbt
2026-05-24 20:17:59 — DEBUG — Result bytes size for command '--log-format json run-operation elementary.log_macro_results --args {"macro_name": "elementary_cli.get_exposures", "macro_args": {}} --project-dir /opt/dbt-venv/lib/python3.11/site-packages/elementary/monitor/dbt_project --profiles-dir /opt/airflow/dbt' is 401
2026-05-24 20:17:59 — INFO — Running dbt command --log-format json run-operation elementary.log_macro_results --args {"macro_name": "elementary_cli.get_singular_tests", "macro_args": {}} --project-dir /opt/dbt-venv/lib/python3.11/site-packages/elementary/monitor/dbt_project --profiles-dir /opt/airflow/dbt
2026-05-24 20:18:00 — DEBUG — Result bytes size for command '--log-format json run-operation elementary.log_macro_results --args {"macro_name": "elementary_cli.get_singular_tests", "macro_args": {}} --project-dir /opt/dbt-venv/lib/python3.11/site-packages/elementary/monitor/dbt_project --profiles-dir /opt/airflow/dbt' is 401
2026-05-24 20:18:00 — INFO — Running dbt command --log-format json run-operation elementary.log_macro_results --args {"macro_name": "elementary_cli.get_models_runs", "macro_args": {"days_back": 7, "exclude_elementary": true}} --project-dir /opt/dbt-venv/lib/python3.11/site-packages/elementary/monitor/dbt_project --profiles-dir /opt/airflow/dbt
2026-05-24 20:18:02 — DEBUG — Result bytes size for command '--log-format json run-operation elementary.log_macro_results --args {"macro_name": "elementary_cli.get_models_runs", "macro_args": {"days_back": 7, "exclude_elementary": true}} --project-dir /opt/dbt-venv/lib/python3.11/site-packages/elementary/monitor/dbt_project --profiles-dir /opt/airflow/dbt' is 38273
2026-05-24 20:18:02 — INFO — Running dbt command --log-format json run-operation elementary.log_macro_results --args {"macro_name": "elementary_cli.get_dbt_models_test_coverage", "macro_args": {}} --project-dir /opt/dbt-venv/lib/python3.11/site-packages/elementary/monitor/dbt_project --profiles-dir /opt/airflow/dbt
2026-05-24 20:18:03 — DEBUG — Result bytes size for command '--log-format json run-operation elementary.log_macro_results --args {"macro_name": "elementary_cli.get_dbt_models_test_coverage", "macro_args": {}} --project-dir /opt/dbt-venv/lib/python3.11/site-packages/elementary/monitor/dbt_project --profiles-dir /opt/airflow/dbt' is 1317
2026-05-24 20:18:03 — INFO — Running dbt command --log-format json run-operation elementary.log_macro_results --args {"macro_name": "elementary_cli.get_tests", "macro_args": {}} --project-dir /opt/dbt-venv/lib/python3.11/site-packages/elementary/monitor/dbt_project --profiles-dir /opt/airflow/dbt
2026-05-24 20:18:04 — DEBUG — Result bytes size for command '--log-format json run-operation elementary.log_macro_results --args {"macro_name": "elementary_cli.get_tests", "macro_args": {}} --project-dir /opt/dbt-venv/lib/python3.11/site-packages/elementary/monitor/dbt_project --profiles-dir /opt/airflow/dbt' is 220961
2026-05-24 20:18:04 — INFO — Running dbt command --log-format json run-operation elementary.log_macro_results --args {"macro_name": "elementary_cli.get_nodes_depends_on_nodes", "macro_args": {"exclude_elementary": true}} --project-dir /opt/dbt-venv/lib/python3.11/site-packages/elementary/monitor/dbt_project --profiles-dir /opt/airflow/dbt
2026-05-24 20:18:05 — DEBUG — Result bytes size for command '--log-format json run-operation elementary.log_macro_results --args {"macro_name": "elementary_cli.get_nodes_depends_on_nodes", "macro_args": {"exclude_elementary": true}} --project-dir /opt/dbt-venv/lib/python3.11/site-packages/elementary/monitor/dbt_project --profiles-dir /opt/airflow/dbt' is 1943
2026-05-24 20:18:05 — INFO — Running dbt command --log-format json run-operation elementary.log_macro_results --args {"macro_name": "elementary_cli.get_models_latest_invocation", "macro_args": {}} --project-dir /opt/dbt-venv/lib/python3.11/site-packages/elementary/monitor/dbt_project --profiles-dir /opt/airflow/dbt
2026-05-24 20:18:06 — DEBUG — Result bytes size for command '--log-format json run-operation elementary.log_macro_results --args {"macro_name": "elementary_cli.get_models_latest_invocation", "macro_args": {}} --project-dir /opt/dbt-venv/lib/python3.11/site-packages/elementary/monitor/dbt_project --profiles-dir /opt/airflow/dbt' is 8219
2026-05-24 20:18:06 — INFO — Running dbt command --log-format json run-operation elementary.log_macro_results --args {"macro_name": "elementary_cli.get_models_latest_invocations_data", "macro_args": {}} --project-dir /opt/dbt-venv/lib/python3.11/site-packages/elementary/monitor/dbt_project --profiles-dir /opt/airflow/dbt
2026-05-24 20:18:07 — DEBUG — Result bytes size for command '--log-format json run-operation elementary.log_macro_results --args {"macro_name": "elementary_cli.get_models_latest_invocations_data", "macro_args": {}} --project-dir /opt/dbt-venv/lib/python3.11/site-packages/elementary/monitor/dbt_project --profiles-dir /opt/airflow/dbt' is 875
2026-05-24 20:38:03 — INFO — Running with edr=0.23.1
2026-05-24 20:38:04 — DEBUG — Resolved adapter type 'duckdb' for target 'dev'
2026-05-24 20:38:04 — DEBUG — Resolved adapter type 'duckdb' for target 'dev'
2026-05-24 20:38:04 — DEBUG — Running dbt command --log-format json run-operation elementary.log_macro_results --args {"macro_name": "elementary_cli.get_latest_invocation", "macro_args": {}} --project-dir /opt/dbt-venv/lib/python3.11/site-packages/elementary/monitor/dbt_project --profiles-dir /opt/airflow/dbt
[31;20m2026-05-24 20:38:05 — ERROR — Unable to get the latest invocation: Failed to run dbt command.
{"info": {"name": "RunningOperationCaughtError", "code": "Q001", "msg": "Encountered an error while running operation: Runtime Error\n  IO Error: Could not set lock on file \"/opt/airflow/dbt_db/fraud_warehouse.duckdb\": Conflicting lock is held in /usr/local/bin/python3.11 (PID 3948). See also https://duckdb.org/docs/stable/connect/concurrency", "level": "error", "invocationId": "f3af9b2c-c62b-4f92-b0ed-3995ff774fc9", "pid": 4012, "thread": "MainThread", "ts": "2026-05-24T20:38:05.229595Z"}, "data": {"exc": "Runtime Error\n  IO Error: Could not set lock on file \"/opt/airflow/dbt_db/fraud_warehouse.duckdb\": Conflicting lock is held in /usr/local/bin/python3.11 (PID 3948). See also https://duckdb.org/docs/stable/connect/concurrency"}}[0m
2026-05-24 20:38:05 — DEBUG — Running dbt command --log-format json run-operation elementary.log_macro_results --args {"macro_name": "elementary_cli.get_adapter_type_and_unique_id", "macro_args": {}} --project-dir /opt/dbt-venv/lib/python3.11/site-packages/elementary/monitor/dbt_project --profiles-dir /opt/airflow/dbt
2026-05-24 20:38:06 — DEBUG — Could not get warehouse info.
Traceback (most recent call last):
  File "/opt/dbt-venv/lib/python3.11/site-packages/elementary/monitor/data_monitoring/data_monitoring.py", line 142, in _get_warehouse_info
    self.internal_dbt_runner.run_operation(
  File "/opt/dbt-venv/lib/python3.11/site-packages/elementary/clients/dbt/command_line_dbt_runner.py", line 351, in run_operation
    result = self._run_command(
             ^^^^^^^^^^^^^^^^^^
  File "/opt/dbt-venv/lib/python3.11/site-packages/elementary/clients/dbt/command_line_dbt_runner.py", line 209, in _run_command
    return self._inner_run_command_with_retries(
           ^^^^^^^^^^^^^^^^^^^^^^^^^^^^^^^^^^^^^
  File "/opt/dbt-venv/lib/python3.11/site-packages/tenacity/__init__.py", line 331, in wrapped_f
    return copy(f, *args, **kw)
           ^^^^^^^^^^^^^^^^^^^^
  File "/opt/dbt-venv/lib/python3.11/site-packages/tenacity/__init__.py", line 470, in __call__
    do = self.iter(retry_state=retry_state)
         ^^^^^^^^^^^^^^^^^^^^^^^^^^^^^^^^^^
  File "/opt/dbt-venv/lib/python3.11/site-packages/tenacity/__init__.py", line 371, in iter
    result = action(retry_state)
             ^^^^^^^^^^^^^^^^^^^
  File "/opt/dbt-venv/lib/python3.11/site-packages/tenacity/__init__.py", line 393, in <lambda>
    self._add_action_func(lambda rs: rs.outcome.result())
                                     ^^^^^^^^^^^^^^^^^^^
  File "/usr/local/lib/python3.11/concurrent/futures/_base.py", line 449, in result
    return self.__get_result()
           ^^^^^^^^^^^^^^^^^^^
  File "/usr/local/lib/python3.11/concurrent/futures/_base.py", line 401, in __get_result
    raise self._exception
  File "/opt/dbt-venv/lib/python3.11/site-packages/tenacity/__init__.py", line 473, in __call__
    result = fn(*args, **kwargs)
             ^^^^^^^^^^^^^^^^^^^
  File "/opt/dbt-venv/lib/python3.11/site-packages/elementary/clients/dbt/command_line_dbt_runner.py", line 246, in _inner_run_command_with_retries
    result = self._inner_run_command(
             ^^^^^^^^^^^^^^^^^^^^^^^^
  File "/opt/dbt-venv/lib/python3.11/site-packages/elementary/clients/dbt/api_dbt_runner.py", line 59, in _inner_run_command
    raise DbtCommandError(
elementary.exceptions.exceptions.DbtCommandError: Failed to run dbt command.
{"info": {"name": "RunningOperationCaughtError", "code": "Q001", "msg": "Encountered an error while running operation: Runtime Error\n  IO Error: Could not set lock on file \"/opt/airflow/dbt_db/fraud_warehouse.duckdb\": Conflicting lock is held in /usr/local/bin/python3.11 (PID 3948). See also https://duckdb.org/docs/stable/connect/concurrency", "level": "error", "invocationId": "7687406a-46eb-4a72-9a0b-c8a243b34b70", "pid": 4012, "thread": "MainThread", "ts": "2026-05-24T20:38:06.179152Z"}, "data": {"exc": "Runtime Error\n  IO Error: Could not set lock on file \"/opt/airflow/dbt_db/fraud_warehouse.duckdb\": Conflicting lock is held in /usr/local/bin/python3.11 (PID 3948). See also https://duckdb.org/docs/stable/connect/concurrency"}}
2026-05-24 20:38:06 — DEBUG — Running dbt command --log-format json run-operation elementary.log_macro_results --args {"macro_name": "elementary_cli.get_elementary_database_and_schema", "macro_args": {}} --project-dir /opt/dbt-venv/lib/python3.11/site-packages/elementary/monitor/dbt_project --profiles-dir /opt/airflow/dbt
[31;20m2026-05-24 20:38:07 — ERROR — Failed to parse Elementary's database and schema.[0m
2026-05-24 20:38:07 — INFO — Running dbt command --log-format json run-operation elementary.log_macro_results --args {"macro_name": "elementary_cli.get_test_results", "macro_args": {"days_back": 7, "invocations_per_test": 720, "disable_passed_test_metrics": false}} --project-dir /opt/dbt-venv/lib/python3.11/site-packages/elementary/monitor/dbt_project --profiles-dir /opt/airflow/dbt
[31;20m2026-05-24 20:38:08 — ERROR — Could not generate the report - Error: Failed to run dbt command.
{"info": {"name": "RunningOperationCaughtError", "code": "Q001", "msg": "Encountered an error while running operation: Runtime Error\n  IO Error: Could not set lock on file \"/opt/airflow/dbt_db/fraud_warehouse.duckdb\": Conflicting lock is held in /usr/local/bin/python3.11 (PID 3948). See also https://duckdb.org/docs/stable/connect/concurrency", "level": "error", "invocationId": "b7c8b743-3fa4-4d3e-b915-c5c56aee3eb3", "pid": 4012, "thread": "MainThread", "ts": "2026-05-24T20:38:08.068949Z"}, "data": {"exc": "Runtime Error\n  IO Error: Could not set lock on file \"/opt/airflow/dbt_db/fraud_warehouse.duckdb\": Conflicting lock is held in /usr/local/bin/python3.11 (PID 3948). See also https://duckdb.org/docs/stable/connect/concurrency"}}
Please reach out to our community for help with this issue.[0m
Traceback (most recent call last):
  File "/opt/dbt-venv/lib/python3.11/site-packages/elementary/monitor/api/report/report.py", line 84, in get_report_data
    tests_api = TestsAPI(
                ^^^^^^^^^
  File "/opt/dbt-venv/lib/python3.11/site-packages/elementary/monitor/api/tests/tests.py", line 52, in __init__
    self.test_results_db_rows = self._get_test_results_db_rows(
                                ^^^^^^^^^^^^^^^^^^^^^^^^^^^^^^^
  File "/opt/dbt-venv/lib/python3.11/site-packages/elementary/monitor/api/tests/tests.py", line 64, in _get_test_results_db_rows
    return self.tests_fetcher.get_all_test_results_db_rows(
           ^^^^^^^^^^^^^^^^^^^^^^^^^^^^^^^^^^^^^^^^^^^^^^^^
  File "/opt/dbt-venv/lib/python3.11/site-packages/elementary/monitor/fetchers/tests/tests.py", line 26, in get_all_test_results_db_rows
    run_operation_response = self.dbt_runner.run_operation(
                             ^^^^^^^^^^^^^^^^^^^^^^^^^^^^^^
  File "/opt/dbt-venv/lib/python3.11/site-packages/elementary/clients/dbt/command_line_dbt_runner.py", line 351, in run_operation
    result = self._run_command(
             ^^^^^^^^^^^^^^^^^^
  File "/opt/dbt-venv/lib/python3.11/site-packages/elementary/clients/dbt/command_line_dbt_runner.py", line 209, in _run_command
    return self._inner_run_command_with_retries(
           ^^^^^^^^^^^^^^^^^^^^^^^^^^^^^^^^^^^^^
  File "/opt/dbt-venv/lib/python3.11/site-packages/tenacity/__init__.py", line 331, in wrapped_f
    return copy(f, *args, **kw)
           ^^^^^^^^^^^^^^^^^^^^
  File "/opt/dbt-venv/lib/python3.11/site-packages/tenacity/__init__.py", line 470, in __call__
    do = self.iter(retry_state=retry_state)
         ^^^^^^^^^^^^^^^^^^^^^^^^^^^^^^^^^^
  File "/opt/dbt-venv/lib/python3.11/site-packages/tenacity/__init__.py", line 371, in iter
    result = action(retry_state)
             ^^^^^^^^^^^^^^^^^^^
  File "/opt/dbt-venv/lib/python3.11/site-packages/tenacity/__init__.py", line 393, in <lambda>
    self._add_action_func(lambda rs: rs.outcome.result())
                                     ^^^^^^^^^^^^^^^^^^^
  File "/usr/local/lib/python3.11/concurrent/futures/_base.py", line 449, in result
    return self.__get_result()
           ^^^^^^^^^^^^^^^^^^^
  File "/usr/local/lib/python3.11/concurrent/futures/_base.py", line 401, in __get_result
    raise self._exception
  File "/opt/dbt-venv/lib/python3.11/site-packages/tenacity/__init__.py", line 473, in __call__
    result = fn(*args, **kwargs)
             ^^^^^^^^^^^^^^^^^^^
  File "/opt/dbt-venv/lib/python3.11/site-packages/elementary/clients/dbt/command_line_dbt_runner.py", line 246, in _inner_run_command_with_retries
    result = self._inner_run_command(
             ^^^^^^^^^^^^^^^^^^^^^^^^
  File "/opt/dbt-venv/lib/python3.11/site-packages/elementary/clients/dbt/api_dbt_runner.py", line 59, in _inner_run_command
    raise DbtCommandError(
elementary.exceptions.exceptions.DbtCommandError: Failed to run dbt command.
{"info": {"name": "RunningOperationCaughtError", "code": "Q001", "msg": "Encountered an error while running operation: Runtime Error\n  IO Error: Could not set lock on file \"/opt/airflow/dbt_db/fraud_warehouse.duckdb\": Conflicting lock is held in /usr/local/bin/python3.11 (PID 3948). See also https://duckdb.org/docs/stable/connect/concurrency", "level": "error", "invocationId": "b7c8b743-3fa4-4d3e-b915-c5c56aee3eb3", "pid": 4012, "thread": "MainThread", "ts": "2026-05-24T20:38:08.068949Z"}, "data": {"exc": "Runtime Error\n  IO Error: Could not set lock on file \"/opt/airflow/dbt_db/fraud_warehouse.duckdb\": Conflicting lock is held in /usr/local/bin/python3.11 (PID 3948). See also https://duckdb.org/docs/stable/connect/concurrency"}}
2026-05-24 20:39:47 — INFO — Running with edr=0.23.1
2026-05-24 20:39:47 — DEBUG — Resolved adapter type 'duckdb' for target 'dev'
2026-05-24 20:39:47 — DEBUG — Resolved adapter type 'duckdb' for target 'dev'
2026-05-24 20:39:47 — DEBUG — Running dbt command --log-format json run-operation elementary.log_macro_results --args {"macro_name": "elementary_cli.get_latest_invocation", "macro_args": {}} --project-dir /opt/dbt-venv/lib/python3.11/site-packages/elementary/monitor/dbt_project --profiles-dir /opt/airflow/dbt
[31;20m2026-05-24 20:39:49 — ERROR — Unable to get the latest invocation: Failed to run dbt command.
{"info": {"name": "RunningOperationCaughtError", "code": "Q001", "msg": "Encountered an error while running operation: Runtime Error\n  IO Error: Could not set lock on file \"/opt/airflow/dbt_db/fraud_warehouse.duckdb\": Conflicting lock is held in /usr/local/bin/python3.11 (PID 3948). See also https://duckdb.org/docs/stable/connect/concurrency", "level": "error", "invocationId": "6ea43d0d-de52-422a-a6f8-986dd6489829", "pid": 4046, "thread": "MainThread", "ts": "2026-05-24T20:39:48.797722Z"}, "data": {"exc": "Runtime Error\n  IO Error: Could not set lock on file \"/opt/airflow/dbt_db/fraud_warehouse.duckdb\": Conflicting lock is held in /usr/local/bin/python3.11 (PID 3948). See also https://duckdb.org/docs/stable/connect/concurrency"}}[0m
2026-05-24 20:39:49 — DEBUG — Running dbt command --log-format json run-operation elementary.log_macro_results --args {"macro_name": "elementary_cli.get_adapter_type_and_unique_id", "macro_args": {}} --project-dir /opt/dbt-venv/lib/python3.11/site-packages/elementary/monitor/dbt_project --profiles-dir /opt/airflow/dbt
2026-05-24 20:39:50 — DEBUG — Could not get warehouse info.
Traceback (most recent call last):
  File "/opt/dbt-venv/lib/python3.11/site-packages/elementary/monitor/data_monitoring/data_monitoring.py", line 142, in _get_warehouse_info
    self.internal_dbt_runner.run_operation(
  File "/opt/dbt-venv/lib/python3.11/site-packages/elementary/clients/dbt/command_line_dbt_runner.py", line 351, in run_operation
    result = self._run_command(
             ^^^^^^^^^^^^^^^^^^
  File "/opt/dbt-venv/lib/python3.11/site-packages/elementary/clients/dbt/command_line_dbt_runner.py", line 209, in _run_command
    return self._inner_run_command_with_retries(
           ^^^^^^^^^^^^^^^^^^^^^^^^^^^^^^^^^^^^^
  File "/opt/dbt-venv/lib/python3.11/site-packages/tenacity/__init__.py", line 331, in wrapped_f
    return copy(f, *args, **kw)
           ^^^^^^^^^^^^^^^^^^^^
  File "/opt/dbt-venv/lib/python3.11/site-packages/tenacity/__init__.py", line 470, in __call__
    do = self.iter(retry_state=retry_state)
         ^^^^^^^^^^^^^^^^^^^^^^^^^^^^^^^^^^
  File "/opt/dbt-venv/lib/python3.11/site-packages/tenacity/__init__.py", line 371, in iter
    result = action(retry_state)
             ^^^^^^^^^^^^^^^^^^^
  File "/opt/dbt-venv/lib/python3.11/site-packages/tenacity/__init__.py", line 393, in <lambda>
    self._add_action_func(lambda rs: rs.outcome.result())
                                     ^^^^^^^^^^^^^^^^^^^
  File "/usr/local/lib/python3.11/concurrent/futures/_base.py", line 449, in result
    return self.__get_result()
           ^^^^^^^^^^^^^^^^^^^
  File "/usr/local/lib/python3.11/concurrent/futures/_base.py", line 401, in __get_result
    raise self._exception
  File "/opt/dbt-venv/lib/python3.11/site-packages/tenacity/__init__.py", line 473, in __call__
    result = fn(*args, **kwargs)
             ^^^^^^^^^^^^^^^^^^^
  File "/opt/dbt-venv/lib/python3.11/site-packages/elementary/clients/dbt/command_line_dbt_runner.py", line 246, in _inner_run_command_with_retries
    result = self._inner_run_command(
             ^^^^^^^^^^^^^^^^^^^^^^^^
  File "/opt/dbt-venv/lib/python3.11/site-packages/elementary/clients/dbt/api_dbt_runner.py", line 59, in _inner_run_command
    raise DbtCommandError(
elementary.exceptions.exceptions.DbtCommandError: Failed to run dbt command.
{"info": {"name": "RunningOperationCaughtError", "code": "Q001", "msg": "Encountered an error while running operation: Runtime Error\n  IO Error: Could not set lock on file \"/opt/airflow/dbt_db/fraud_warehouse.duckdb\": Conflicting lock is held in /usr/local/bin/python3.11 (PID 3948). See also https://duckdb.org/docs/stable/connect/concurrency", "level": "error", "invocationId": "6189327e-72b3-4b82-8044-110ab7e0f89a", "pid": 4046, "thread": "MainThread", "ts": "2026-05-24T20:39:49.716672Z"}, "data": {"exc": "Runtime Error\n  IO Error: Could not set lock on file \"/opt/airflow/dbt_db/fraud_warehouse.duckdb\": Conflicting lock is held in /usr/local/bin/python3.11 (PID 3948). See also https://duckdb.org/docs/stable/connect/concurrency"}}
2026-05-24 20:39:50 — DEBUG — Running dbt command --log-format json run-operation elementary.log_macro_results --args {"macro_name": "elementary_cli.get_elementary_database_and_schema", "macro_args": {}} --project-dir /opt/dbt-venv/lib/python3.11/site-packages/elementary/monitor/dbt_project --profiles-dir /opt/airflow/dbt
[31;20m2026-05-24 20:39:51 — ERROR — Failed to parse Elementary's database and schema.[0m
2026-05-24 20:39:51 — INFO — Running dbt command --log-format json run-operation elementary.log_macro_results --args {"macro_name": "elementary_cli.get_test_results", "macro_args": {"days_back": 7, "invocations_per_test": 720, "disable_passed_test_metrics": false}} --project-dir /opt/dbt-venv/lib/python3.11/site-packages/elementary/monitor/dbt_project --profiles-dir /opt/airflow/dbt
[31;20m2026-05-24 20:39:52 — ERROR — Could not generate the report - Error: Failed to run dbt command.
{"info": {"name": "RunningOperationCaughtError", "code": "Q001", "msg": "Encountered an error while running operation: Runtime Error\n  IO Error: Could not set lock on file \"/opt/airflow/dbt_db/fraud_warehouse.duckdb\": Conflicting lock is held in /usr/local/bin/python3.11 (PID 3948). See also https://duckdb.org/docs/stable/connect/concurrency", "level": "error", "invocationId": "05edad45-4807-40af-a1a5-dd159a23163f", "pid": 4046, "thread": "MainThread", "ts": "2026-05-24T20:39:51.627774Z"}, "data": {"exc": "Runtime Error\n  IO Error: Could not set lock on file \"/opt/airflow/dbt_db/fraud_warehouse.duckdb\": Conflicting lock is held in /usr/local/bin/python3.11 (PID 3948). See also https://duckdb.org/docs/stable/connect/concurrency"}}
Please reach out to our community for help with this issue.[0m
Traceback (most recent call last):
  File "/opt/dbt-venv/lib/python3.11/site-packages/elementary/monitor/api/report/report.py", line 84, in get_report_data
    tests_api = TestsAPI(
                ^^^^^^^^^
  File "/opt/dbt-venv/lib/python3.11/site-packages/elementary/monitor/api/tests/tests.py", line 52, in __init__
    self.test_results_db_rows = self._get_test_results_db_rows(
                                ^^^^^^^^^^^^^^^^^^^^^^^^^^^^^^^
  File "/opt/dbt-venv/lib/python3.11/site-packages/elementary/monitor/api/tests/tests.py", line 64, in _get_test_results_db_rows
    return self.tests_fetcher.get_all_test_results_db_rows(
           ^^^^^^^^^^^^^^^^^^^^^^^^^^^^^^^^^^^^^^^^^^^^^^^^
  File "/opt/dbt-venv/lib/python3.11/site-packages/elementary/monitor/fetchers/tests/tests.py", line 26, in get_all_test_results_db_rows
    run_operation_response = self.dbt_runner.run_operation(
                             ^^^^^^^^^^^^^^^^^^^^^^^^^^^^^^
  File "/opt/dbt-venv/lib/python3.11/site-packages/elementary/clients/dbt/command_line_dbt_runner.py", line 351, in run_operation
    result = self._run_command(
             ^^^^^^^^^^^^^^^^^^
  File "/opt/dbt-venv/lib/python3.11/site-packages/elementary/clients/dbt/command_line_dbt_runner.py", line 209, in _run_command
    return self._inner_run_command_with_retries(
           ^^^^^^^^^^^^^^^^^^^^^^^^^^^^^^^^^^^^^
  File "/opt/dbt-venv/lib/python3.11/site-packages/tenacity/__init__.py", line 331, in wrapped_f
    return copy(f, *args, **kw)
           ^^^^^^^^^^^^^^^^^^^^
  File "/opt/dbt-venv/lib/python3.11/site-packages/tenacity/__init__.py", line 470, in __call__
    do = self.iter(retry_state=retry_state)
         ^^^^^^^^^^^^^^^^^^^^^^^^^^^^^^^^^^
  File "/opt/dbt-venv/lib/python3.11/site-packages/tenacity/__init__.py", line 371, in iter
    result = action(retry_state)
             ^^^^^^^^^^^^^^^^^^^
  File "/opt/dbt-venv/lib/python3.11/site-packages/tenacity/__init__.py", line 393, in <lambda>
    self._add_action_func(lambda rs: rs.outcome.result())
                                     ^^^^^^^^^^^^^^^^^^^
  File "/usr/local/lib/python3.11/concurrent/futures/_base.py", line 449, in result
    return self.__get_result()
           ^^^^^^^^^^^^^^^^^^^
  File "/usr/local/lib/python3.11/concurrent/futures/_base.py", line 401, in __get_result
    raise self._exception
  File "/opt/dbt-venv/lib/python3.11/site-packages/tenacity/__init__.py", line 473, in __call__
    result = fn(*args, **kwargs)
             ^^^^^^^^^^^^^^^^^^^
  File "/opt/dbt-venv/lib/python3.11/site-packages/elementary/clients/dbt/command_line_dbt_runner.py", line 246, in _inner_run_command_with_retries
    result = self._inner_run_command(
             ^^^^^^^^^^^^^^^^^^^^^^^^
  File "/opt/dbt-venv/lib/python3.11/site-packages/elementary/clients/dbt/api_dbt_runner.py", line 59, in _inner_run_command
    raise DbtCommandError(
elementary.exceptions.exceptions.DbtCommandError: Failed to run dbt command.
{"info": {"name": "RunningOperationCaughtError", "code": "Q001", "msg": "Encountered an error while running operation: Runtime Error\n  IO Error: Could not set lock on file \"/opt/airflow/dbt_db/fraud_warehouse.duckdb\": Conflicting lock is held in /usr/local/bin/python3.11 (PID 3948). See also https://duckdb.org/docs/stable/connect/concurrency", "level": "error", "invocationId": "05edad45-4807-40af-a1a5-dd159a23163f", "pid": 4046, "thread": "MainThread", "ts": "2026-05-24T20:39:51.627774Z"}, "data": {"exc": "Runtime Error\n  IO Error: Could not set lock on file \"/opt/airflow/dbt_db/fraud_warehouse.duckdb\": Conflicting lock is held in /usr/local/bin/python3.11 (PID 3948). See also https://duckdb.org/docs/stable/connect/concurrency"}}
2026-05-24 20:42:34 — INFO — Running with edr=0.23.1
2026-05-24 20:42:35 — DEBUG — Resolved adapter type 'duckdb' for target 'dev'
2026-05-24 20:42:35 — DEBUG — Resolved adapter type 'duckdb' for target 'dev'
2026-05-24 20:42:35 — DEBUG — Running dbt command --log-format json run-operation elementary.log_macro_results --args {"macro_name": "elementary_cli.get_latest_invocation", "macro_args": {}} --project-dir /opt/dbt-venv/lib/python3.11/site-packages/elementary/monitor/dbt_project --profiles-dir /opt/airflow/dbt
2026-05-24 20:42:37 — DEBUG — Result bytes size for command '--log-format json run-operation elementary.log_macro_results --args {"macro_name": "elementary_cli.get_latest_invocation", "macro_args": {}} --project-dir /opt/dbt-venv/lib/python3.11/site-packages/elementary/monitor/dbt_project --profiles-dir /opt/airflow/dbt' is 2535
2026-05-24 20:42:37 — DEBUG — Running dbt command --log-format json run-operation elementary.log_macro_results --args {"macro_name": "elementary_cli.get_adapter_type_and_unique_id", "macro_args": {}} --project-dir /opt/dbt-venv/lib/python3.11/site-packages/elementary/monitor/dbt_project --profiles-dir /opt/airflow/dbt
2026-05-24 20:42:38 — DEBUG — Result bytes size for command '--log-format json run-operation elementary.log_macro_results --args {"macro_name": "elementary_cli.get_adapter_type_and_unique_id", "macro_args": {}} --project-dir /opt/dbt-venv/lib/python3.11/site-packages/elementary/monitor/dbt_project --profiles-dir /opt/airflow/dbt' is 515
2026-05-24 20:42:38 — INFO — edr (0.23.1) and Elementary's dbt package (0.23.1) are compatible.
2026-05-24 20:42:38 — DEBUG — Running dbt command --log-format json run-operation elementary.log_macro_results --args {"macro_name": "elementary_cli.get_elementary_database_and_schema", "macro_args": {}} --project-dir /opt/dbt-venv/lib/python3.11/site-packages/elementary/monitor/dbt_project --profiles-dir /opt/airflow/dbt
2026-05-24 20:42:39 — DEBUG — Result bytes size for command '--log-format json run-operation elementary.log_macro_results --args {"macro_name": "elementary_cli.get_elementary_database_and_schema", "macro_args": {}} --project-dir /opt/dbt-venv/lib/python3.11/site-packages/elementary/monitor/dbt_project --profiles-dir /opt/airflow/dbt' is 465
2026-05-24 20:42:39 — INFO — Elementary's database and schema: 'fraud_warehouse.main_elementary'
2026-05-24 20:42:39 — INFO — Running dbt command --log-format json run-operation elementary.log_macro_results --args {"macro_name": "elementary_cli.get_test_results", "macro_args": {"days_back": 7, "invocations_per_test": 720, "disable_passed_test_metrics": false}} --project-dir /opt/dbt-venv/lib/python3.11/site-packages/elementary/monitor/dbt_project --profiles-dir /opt/airflow/dbt
2026-05-24 20:42:42 — DEBUG — Result bytes size for command '--log-format json run-operation elementary.log_macro_results --args {"macro_name": "elementary_cli.get_test_results", "macro_args": {"days_back": 7, "invocations_per_test": 720, "disable_passed_test_metrics": false}} --project-dir /opt/dbt-venv/lib/python3.11/site-packages/elementary/monitor/dbt_project --profiles-dir /opt/airflow/dbt' is 3277287
2026-05-24 20:42:42 — INFO — Running dbt command --log-format json run-operation elementary.log_macro_results --args {"macro_name": "elementary_cli.get_source_freshness_results", "macro_args": {"days_back": 7, "invocations_per_test": 720}} --project-dir /opt/dbt-venv/lib/python3.11/site-packages/elementary/monitor/dbt_project --profiles-dir /opt/airflow/dbt
2026-05-24 20:42:43 — DEBUG — Result bytes size for command '--log-format json run-operation elementary.log_macro_results --args {"macro_name": "elementary_cli.get_source_freshness_results", "macro_args": {"days_back": 7, "invocations_per_test": 720}} --project-dir /opt/dbt-venv/lib/python3.11/site-packages/elementary/monitor/dbt_project --profiles-dir /opt/airflow/dbt' is 399
2026-05-24 20:42:43 — INFO — Running dbt command --log-format json run-operation elementary.log_macro_results --args {"macro_name": "elementary_cli.get_seeds", "macro_args": {}} --project-dir /opt/dbt-venv/lib/python3.11/site-packages/elementary/monitor/dbt_project --profiles-dir /opt/airflow/dbt
2026-05-24 20:42:44 — DEBUG — Result bytes size for command '--log-format json run-operation elementary.log_macro_results --args {"macro_name": "elementary_cli.get_seeds", "macro_args": {}} --project-dir /opt/dbt-venv/lib/python3.11/site-packages/elementary/monitor/dbt_project --profiles-dir /opt/airflow/dbt' is 399
2026-05-24 20:42:44 — INFO — Running dbt command --log-format json run-operation elementary.log_macro_results --args {"macro_name": "elementary_cli.get_snapshots", "macro_args": {}} --project-dir /opt/dbt-venv/lib/python3.11/site-packages/elementary/monitor/dbt_project --profiles-dir /opt/airflow/dbt
2026-05-24 20:42:45 — DEBUG — Result bytes size for command '--log-format json run-operation elementary.log_macro_results --args {"macro_name": "elementary_cli.get_snapshots", "macro_args": {}} --project-dir /opt/dbt-venv/lib/python3.11/site-packages/elementary/monitor/dbt_project --profiles-dir /opt/airflow/dbt' is 399
2026-05-24 20:42:45 — INFO — Running dbt command --log-format json run-operation elementary.log_macro_results --args {"macro_name": "elementary_cli.get_models", "macro_args": {"exclude_elementary": true}} --project-dir /opt/dbt-venv/lib/python3.11/site-packages/elementary/monitor/dbt_project --profiles-dir /opt/airflow/dbt
2026-05-24 20:42:46 — DEBUG — Result bytes size for command '--log-format json run-operation elementary.log_macro_results --args {"macro_name": "elementary_cli.get_models", "macro_args": {"exclude_elementary": true}} --project-dir /opt/dbt-venv/lib/python3.11/site-packages/elementary/monitor/dbt_project --profiles-dir /opt/airflow/dbt' is 4367
2026-05-24 20:42:46 — INFO — Running dbt command --log-format json run-operation elementary.log_macro_results --args {"macro_name": "elementary_cli.get_sources", "macro_args": {}} --project-dir /opt/dbt-venv/lib/python3.11/site-packages/elementary/monitor/dbt_project --profiles-dir /opt/airflow/dbt
2026-05-24 20:42:47 — DEBUG — Result bytes size for command '--log-format json run-operation elementary.log_macro_results --args {"macro_name": "elementary_cli.get_sources", "macro_args": {}} --project-dir /opt/dbt-venv/lib/python3.11/site-packages/elementary/monitor/dbt_project --profiles-dir /opt/airflow/dbt' is 1747
2026-05-24 20:42:47 — INFO — Running dbt command --log-format json run-operation elementary.log_macro_results --args {"macro_name": "elementary_cli.get_exposures", "macro_args": {}} --project-dir /opt/dbt-venv/lib/python3.11/site-packages/elementary/monitor/dbt_project --profiles-dir /opt/airflow/dbt
2026-05-24 20:42:48 — DEBUG — Result bytes size for command '--log-format json run-operation elementary.log_macro_results --args {"macro_name": "elementary_cli.get_exposures", "macro_args": {}} --project-dir /opt/dbt-venv/lib/python3.11/site-packages/elementary/monitor/dbt_project --profiles-dir /opt/airflow/dbt' is 399
2026-05-24 20:42:48 — INFO — Running dbt command --log-format json run-operation elementary.log_macro_results --args {"macro_name": "elementary_cli.get_singular_tests", "macro_args": {}} --project-dir /opt/dbt-venv/lib/python3.11/site-packages/elementary/monitor/dbt_project --profiles-dir /opt/airflow/dbt
2026-05-24 20:42:50 — DEBUG — Result bytes size for command '--log-format json run-operation elementary.log_macro_results --args {"macro_name": "elementary_cli.get_singular_tests", "macro_args": {}} --project-dir /opt/dbt-venv/lib/python3.11/site-packages/elementary/monitor/dbt_project --profiles-dir /opt/airflow/dbt' is 399
2026-05-24 20:42:50 — INFO — Running dbt command --log-format json run-operation elementary.log_macro_results --args {"macro_name": "elementary_cli.get_models_runs", "macro_args": {"days_back": 7, "exclude_elementary": true}} --project-dir /opt/dbt-venv/lib/python3.11/site-packages/elementary/monitor/dbt_project --profiles-dir /opt/airflow/dbt
2026-05-24 20:42:51 — DEBUG — Result bytes size for command '--log-format json run-operation elementary.log_macro_results --args {"macro_name": "elementary_cli.get_models_runs", "macro_args": {"days_back": 7, "exclude_elementary": true}} --project-dir /opt/dbt-venv/lib/python3.11/site-packages/elementary/monitor/dbt_project --profiles-dir /opt/airflow/dbt' is 38271
2026-05-24 20:42:51 — INFO — Running dbt command --log-format json run-operation elementary.log_macro_results --args {"macro_name": "elementary_cli.get_dbt_models_test_coverage", "macro_args": {}} --project-dir /opt/dbt-venv/lib/python3.11/site-packages/elementary/monitor/dbt_project --profiles-dir /opt/airflow/dbt
2026-05-24 20:42:52 — DEBUG — Result bytes size for command '--log-format json run-operation elementary.log_macro_results --args {"macro_name": "elementary_cli.get_dbt_models_test_coverage", "macro_args": {}} --project-dir /opt/dbt-venv/lib/python3.11/site-packages/elementary/monitor/dbt_project --profiles-dir /opt/airflow/dbt' is 1315
2026-05-24 20:42:52 — INFO — Running dbt command --log-format json run-operation elementary.log_macro_results --args {"macro_name": "elementary_cli.get_tests", "macro_args": {}} --project-dir /opt/dbt-venv/lib/python3.11/site-packages/elementary/monitor/dbt_project --profiles-dir /opt/airflow/dbt
2026-05-24 20:42:53 — DEBUG — Result bytes size for command '--log-format json run-operation elementary.log_macro_results --args {"macro_name": "elementary_cli.get_tests", "macro_args": {}} --project-dir /opt/dbt-venv/lib/python3.11/site-packages/elementary/monitor/dbt_project --profiles-dir /opt/airflow/dbt' is 220959
2026-05-24 20:42:53 — INFO — Running dbt command --log-format json run-operation elementary.log_macro_results --args {"macro_name": "elementary_cli.get_nodes_depends_on_nodes", "macro_args": {"exclude_elementary": true}} --project-dir /opt/dbt-venv/lib/python3.11/site-packages/elementary/monitor/dbt_project --profiles-dir /opt/airflow/dbt
2026-05-24 20:42:54 — DEBUG — Result bytes size for command '--log-format json run-operation elementary.log_macro_results --args {"macro_name": "elementary_cli.get_nodes_depends_on_nodes", "macro_args": {"exclude_elementary": true}} --project-dir /opt/dbt-venv/lib/python3.11/site-packages/elementary/monitor/dbt_project --profiles-dir /opt/airflow/dbt' is 1941
2026-05-24 20:42:54 — INFO — Running dbt command --log-format json run-operation elementary.log_macro_results --args {"macro_name": "elementary_cli.get_models_latest_invocation", "macro_args": {}} --project-dir /opt/dbt-venv/lib/python3.11/site-packages/elementary/monitor/dbt_project --profiles-dir /opt/airflow/dbt
2026-05-24 20:42:55 — DEBUG — Result bytes size for command '--log-format json run-operation elementary.log_macro_results --args {"macro_name": "elementary_cli.get_models_latest_invocation", "macro_args": {}} --project-dir /opt/dbt-venv/lib/python3.11/site-packages/elementary/monitor/dbt_project --profiles-dir /opt/airflow/dbt' is 8217
2026-05-24 20:42:55 — INFO — Running dbt command --log-format json run-operation elementary.log_macro_results --args {"macro_name": "elementary_cli.get_models_latest_invocations_data", "macro_args": {}} --project-dir /opt/dbt-venv/lib/python3.11/site-packages/elementary/monitor/dbt_project --profiles-dir /opt/airflow/dbt
2026-05-24 20:42:56 — DEBUG — Result bytes size for command '--log-format json run-operation elementary.log_macro_results --args {"macro_name": "elementary_cli.get_models_latest_invocations_data", "macro_args": {}} --project-dir /opt/dbt-venv/lib/python3.11/site-packages/elementary/monitor/dbt_project --profiles-dir /opt/airflow/dbt' is 873
